<?xml version="1.0" encoding="UTF-8"?>
<!-- Generated by org.testng.reporters.JUnitXMLReporter -->
<testsuite ignored="0" hostname="DESKTOP-FN7PO88" failures="1" tests="5" name="TestRunner-chrome" time="181.91" errors="0" timestamp="2024-09-23T04:04:10 PDT">
  <testcase classname="com.comsand.ecommtest.AddproducttoCartTest" name="Tocheckorderhistory" time="13.504">
    <failure type="org.openqa.selenium.ElementClickInterceptedException" message="element click intercepted: Element &amp;lt;a href=&amp;quot;product-details.php?pid=16&amp;quot;&amp;gt;...&amp;lt;/a&amp;gt; is not clickable at point (892, 676). Other element would receive the click: &amp;lt;img src=&amp;quot;./img/logo/Acoe.png&amp;quot; alt=&amp;quot;&amp;quot; height=&amp;quot;40px&amp;quot; width=&amp;quot;350px&amp;quot; style=&amp;quot;margin:auto&amp;quot;&amp;gt;
  (Session info: chrome=129.0.6668.58)
Build info: version: &amp;apos;4.18.1&amp;apos;, revision: &amp;apos;b1d3319b48&amp;apos;
System info: os.name: &amp;apos;Windows 10&amp;apos;, os.arch: &amp;apos;amd64&amp;apos;, os.version: &amp;apos;10.0&amp;apos;, java.version: &amp;apos;22.0.2&amp;apos;
Driver info: org.openqa.selenium.chrome.ChromeDriver
Command: [f2382cf4beb350445d649144d9db6af6, clickElement {id=f.63F72AC77DA8A6A1CD033DF63B3EC8CE.d.8E1477A2026C0280F5889F8121659485.e.169}]
Capabilities {acceptInsecureCerts: false, browserName: chrome, browserVersion: 129.0.6668.58, chrome: {chromedriverVersion: 129.0.6668.58 (81a06fb873a9..., userDataDir: C:\Users\DELL\AppData\Local...}, fedcm:accounts: true, goog:chromeOptions: {debuggerAddress: localhost:61608}, networkConnectionEnabled: false, pageLoadStrategy: normal, platformName: windows, proxy: Proxy(), se:cdp: ws://localhost:61608/devtoo..., se:cdpVersion: 129.0.6668.58, setWindowRect: true, strictFileInteractability: false, timeouts: {implicit: 0, pageLoad: 300000, script: 30000}, unhandledPromptBehavior: dismiss and notify, webauthn:extension:credBlob: true, webauthn:extension:largeBlob: true, webauthn:extension:minPinLength: true, webauthn:extension:prf: true, webauthn:virtualAuthenticators: true}
Element: [[ChromeDriver: chrome on windows (f2382cf4beb350445d649144d9db6af6)] -&amp;gt; xpath: //a[text()=&amp;apos;Thea Stilton and the Tropical Treasure &amp;apos;]]
Session ID: f2382cf4beb350445d649144d9db6af6">
      <![CDATA[org.openqa.selenium.ElementClickInterceptedException: element click intercepted: Element <a href="product-details.php?pid=16">...</a> is not clickable at point (892, 676). Other element would receive the click: <img src="./img/logo/Acoe.png" alt="" height="40px" width="350px" style="margin:auto">
  (Session info: chrome=129.0.6668.58)
Build info: version: '4.18.1', revision: 'b1d3319b48'
System info: os.name: 'Windows 10', os.arch: 'amd64', os.version: '10.0', java.version: '22.0.2'
Driver info: org.openqa.selenium.chrome.ChromeDriver
Command: [f2382cf4beb350445d649144d9db6af6, clickElement {id=f.63F72AC77DA8A6A1CD033DF63B3EC8CE.d.8E1477A2026C0280F5889F8121659485.e.169}]
Capabilities {acceptInsecureCerts: false, browserName: chrome, browserVersion: 129.0.6668.58, chrome: {chromedriverVersion: 129.0.6668.58 (81a06fb873a9..., userDataDir: C:\Users\DELL\AppData\Local...}, fedcm:accounts: true, goog:chromeOptions: {debuggerAddress: localhost:61608}, networkConnectionEnabled: false, pageLoadStrategy: normal, platformName: windows, proxy: Proxy(), se:cdp: ws://localhost:61608/devtoo..., se:cdpVersion: 129.0.6668.58, setWindowRect: true, strictFileInteractability: false, timeouts: {implicit: 0, pageLoad: 300000, script: 30000}, unhandledPromptBehavior: dismiss and notify, webauthn:extension:credBlob: true, webauthn:extension:largeBlob: true, webauthn:extension:minPinLength: true, webauthn:extension:prf: true, webauthn:virtualAuthenticators: true}
Element: [[ChromeDriver: chrome on windows (f2382cf4beb350445d649144d9db6af6)] -> xpath: //a[text()='Thea Stilton and the Tropical Treasure ']]
Session ID: f2382cf4beb350445d649144d9db6af6
at org.openqa.selenium.remote.ErrorCodec.decode(ErrorCodec.java:167)
at org.openqa.selenium.remote.codec.w3c.W3CHttpResponseCodec.decode(W3CHttpResponseCodec.java:138)
at org.openqa.selenium.remote.codec.w3c.W3CHttpResponseCodec.decode(W3CHttpResponseCodec.java:50)
at org.openqa.selenium.remote.HttpCommandExecutor.execute(HttpCommandExecutor.java:190)
at org.openqa.selenium.remote.service.DriverCommandExecutor.invokeExecute(DriverCommandExecutor.java:216)
at org.openqa.selenium.remote.service.DriverCommandExecutor.execute(DriverCommandExecutor.java:174)
at org.openqa.selenium.remote.RemoteWebDriver.execute(RemoteWebDriver.java:519)
at org.openqa.selenium.remote.RemoteWebElement.execute(RemoteWebElement.java:223)
at org.openqa.selenium.remote.RemoteWebElement.click(RemoteWebElement.java:76)
at com.comsand.ecommtest.AddproducttoCartTest.Tocheckorderhistory(AddproducttoCartTest.java:36)
at java.base/java.util.ArrayList.forEach(ArrayList.java:1597)
at java.base/java.util.concurrent.FutureTask.run(FutureTask.java:317)
at java.base/java.util.concurrent.ThreadPoolExecutor.runWorker(ThreadPoolExecutor.java:1144)
at java.base/java.util.concurrent.ThreadPoolExecutor$Worker.run(ThreadPoolExecutor.java:642)
at java.base/java.lang.Thread.run(Thread.java:1570)
... Removed 18 stack frames]]>
    </failure>
  </testcase> <!-- Tocheckorderhistory -->
  <testcase classname="com.comsand.ecommtest.PurchaseproductWithcashonDeliveryTest" name="purchaseProductWithCashOndelivertTest" time="16.756"/>
  <testcase classname="com.comsand.ecommtest.RemoveproductfromwishlistTest" name="Tracktheorder" time="6.728"/>
  <testcase classname="com.comsand.ecommtest.AddingmultipleproducttocartTest" name="addingMultipleproductotocart" time="14.15"/>
  <testcase classname="com.comsand.ecommtest.RemoveProductFromCartTest" name="RemoveproductFromCart" time="14.727"/>
</testsuite> <!-- TestRunner-chrome -->
